[32m2025-04-02 09:30:21 | INFO     | [SCHEDULER] Waiting for 23:59 each day.[0m
[32m2025-04-02 23:59:21 | INFO     | === Starting daily report task ===[0m
[32m2025-04-02 23:59:21 | INFO     | [DATE] Generating report for: 2025-04-01[0m
/usr/local/lib/python3.12/pickle.py:1760: UserWarning: [23:59:22] WARNING: /workspace/src/collective/../data/../common/error_msg.h:82: If you are loading a serialized model (like pickle in Python, RDS in R) or
configuration generated by an older version of XGBoost, please export the model by calling
`Booster.save_model` from that version first, then load it back in current version. See:

    https://xgboost.readthedocs.io/en/stable/tutorials/saving_model.html

for more details about differences between saving model and serializing.

  setstate(state)
[32m2025-04-02 23:59:31 | INFO     | Found 7 devices for 2025-04-01[0m
[32m2025-04-02 23:59:31 | INFO     | Processing 51 audio files for device RPiID-0000000090d15aba[0m
[32m2025-04-02 23:59:32 | INFO     | Processing 48 audio files for device RPiID-0000000068837d13[0m
[32m2025-04-02 23:59:33 | INFO     | Processing 48 audio files for device RPiID-00000000863636c5[0m
[32m2025-04-02 23:59:34 | INFO     | Processing 48 audio files for device RPiID-00000000e964d763[0m
[32m2025-04-02 23:59:35 | INFO     | Processing 48 audio files for device RPiID-00000000f1b814df[0m
[32m2025-04-02 23:59:36 | INFO     | Processing 48 audio files for device RPiID-00000000f1c084c2[0m
[32m2025-04-02 23:59:38 | INFO     | Processing 143 audio files for device RPiID-00000000419808ff[0m
[32m2025-04-02 23:59:40 | INFO     | [SAVE] JSON saved to json-output/predictions_2025-04-01.json[0m
[32m2025-04-02 23:59:40 | INFO     | Requesting access token (Attempt 1)...[0m
[32m2025-04-02 23:59:54 | INFO     | Access token obtained, expires at 2025-04-03 01:59:54.902689[0m
[33m2025-04-03 00:00:05 | WARNING  | [API] Attempt 1 failed: HTTPSConnectionPool(host='monsoon-dev.fissionsoft.co.th', port=443): Read timed out. (read timeout=10)[0m
[32m2025-04-03 00:00:10 | INFO     | [API] Prediction sent: ['RPiID-0000000090d15aba:not found', 'RPiID-0000000068837d13:not found', 'RPiID-00000000863636c5:not found', 'RPiID-00000000e964d763:not found', 'RPiID-00000000f1b814df:not found', 'RPiID-00000000f1c084c2:not found', 'RPiID-00000000419808ff:not found'][0m
[32m2025-04-03 00:00:10 | INFO     | === Daily report task complete ===
[0m
d15aba:not found', 'RPiID-0000000068837d13:not found', 'RPiID-00000000863636c5:not found', 'RPiID-00000000e964d763:not found', 'RPiID-00000000f1b814df:not found', 'RPiID-00000000f1c084c2:not found', 'RPiID-00000000419808ff:not found']
2025-04-03 00:00:10,633 | INFO     | === Daily report task complete ===

